#
# There is insufficient memory for the Java Runtime Environment to continue.
# Native memory allocation (malloc) failed to allocate 2097152 bytes for AllocateHeap
# Possible reasons:
#   The system is out of physical RAM or swap space
#   The process is running with CompressedOops enabled, and the Java Heap may be blocking the growth of the native heap
# Possible solutions:
#   Reduce memory load on the system
#   Increase physical memory or swap space
#   Check if swap backing store is full
#   Decrease Java heap size (-Xmx/-Xms)
#   Decrease number of Java threads
#   Decrease Java thread stack sizes (-Xss)
#   Set larger code cache with -XX:ReservedCodeCacheSize=
#   JVM is running with Unscaled Compressed Oops mode in which the Java heap is
#     placed in the first 4GB address space. The Java Heap base address is the
#     maximum limit for the native heap growth. Please use -XX:HeapBaseMinAddress
#     to set the Java Heap base and to place the Java Heap above 4GB virtual address.
# This output file may be truncated or incomplete.
#
#  Out of Memory Error (allocation.cpp:44), pid=14012, tid=14788
#
# JRE version: OpenJDK Runtime Environment Temurin-17.0.10+7 (17.0.10+7) (build 17.0.10+7)
# Java VM: OpenJDK 64-Bit Server VM Temurin-17.0.10+7 (17.0.10+7, mixed mode, emulated-client, tiered, compressed oops, compressed class ptrs, g1 gc, windows-amd64)
# No core dump will be written. Minidumps are not enabled by default on client versions of Windows
#

---------------  S U M M A R Y ------------

Command Line: -Xmx1024m -Dsts.lsp.client=vscode -Dsts.log.file=/dev/null -XX:TieredStopAtLevel=1 -Xlog:jni+resolve=off -Dspring.config.location=file:c:\Users\Laptop TCC\.vscode\extensions\vmware.vscode-spring-boot-1.54.0\language-server\BOOT-INF\classes\application.properties org.springframework.ide.vscode.boot.app.BootLanguageServerBootApp

Host: Intel(R) Core(TM) i3-8145U CPU @ 2.10GHz, 4 cores, 7G,  Windows 10 , 64 bit Build 19041 (10.0.19041.3636)
Time: Sun May 12 04:03:43 2024 SE Asia Standard Time elapsed time: 10249.820269 seconds (0d 2h 50m 49s)

---------------  T H R E A D  ---------------

Current thread (0x00000173a4b1fb40):  VMThread "VM Thread" [stack: 0x0000001305500000,0x0000001305600000] [id=14788]

Stack: [0x0000001305500000,0x0000001305600000]
Native frames: (J=compiled Java code, j=interpreted, Vv=VM code, C=native code)
V  [jvm.dll+0x67d2c9]
V  [jvm.dll+0x834afa]
V  [jvm.dll+0x8365be]
V  [jvm.dll+0x836c23]
V  [jvm.dll+0x2477ff]
V  [jvm.dll+0xa6c93]
V  [jvm.dll+0x2f86f1]
V  [jvm.dll+0x2f42e0]
V  [jvm.dll+0x2dc8c7]
V  [jvm.dll+0x31fb87]
V  [jvm.dll+0x83b11b]
V  [jvm.dll+0x83be61]
V  [jvm.dll+0x83c37d]
V  [jvm.dll+0x83c754]
V  [jvm.dll+0x83c820]
V  [jvm.dll+0x7e3fba]
V  [jvm.dll+0x67c1b5]
C  [ucrtbase.dll+0x21bb2]
C  [KERNEL32.DLL+0x17344]
C  [ntdll.dll+0x526b1]

VM_Operation (0x00000013066fe990): G1CollectFull, mode: safepoint, requested by thread 0x00000173a9cdf500


---------------  P R O C E S S  ---------------

Threads class SMR info:
_java_thread_list=0x00000173ab4d20b0, length=24, elements={
0x00000173a4b39730, 0x00000173a4b3a4c0, 0x00000173a4b79010, 0x00000173a4b7bfb0,
0x00000173a4b7d890, 0x00000173a4b7e160, 0x00000173a4b7eae0, 0x00000173a901ae00,
0x00000173a91f1440, 0x00000173a91fe350, 0x00000173aa562900, 0x00000173a9cdf500,
0x00000173a9cdbf30, 0x000001739a5c4910, 0x00000173a9b52040, 0x00000173a99fe820,
0x00000173aa7ca570, 0x00000173aa7caf90, 0x00000173aa7caa80, 0x00000173aa7cb4a0,
0x00000173aa7cd300, 0x00000173aa7ccdf0, 0x00000173aa7cb9b0, 0x00000173aa809920
}

Java Threads: ( => current thread )
  0x00000173a4b39730 JavaThread "Reference Handler" daemon [_thread_blocked, id=15488, stack(0x0000001305600000,0x0000001305700000)]
  0x00000173a4b3a4c0 JavaThread "Finalizer" daemon [_thread_blocked, id=6296, stack(0x0000001305700000,0x0000001305800000)]
  0x00000173a4b79010 JavaThread "Signal Dispatcher" daemon [_thread_blocked, id=6964, stack(0x0000001305800000,0x0000001305900000)]
  0x00000173a4b7bfb0 JavaThread "Attach Listener" daemon [_thread_blocked, id=12388, stack(0x0000001305900000,0x0000001305a00000)]
  0x00000173a4b7d890 JavaThread "Service Thread" daemon [_thread_blocked, id=5272, stack(0x0000001305a00000,0x0000001305b00000)]
  0x00000173a4b7e160 JavaThread "Monitor Deflation Thread" daemon [_thread_blocked, id=16844, stack(0x0000001305b00000,0x0000001305c00000)]
  0x00000173a4b7eae0 JavaThread "C1 CompilerThread0" daemon [_thread_blocked, id=12596, stack(0x0000001305c00000,0x0000001305d00000)]
  0x00000173a901ae00 JavaThread "Sweeper thread" daemon [_thread_blocked, id=15324, stack(0x0000001305d00000,0x0000001305e00000)]
  0x00000173a91f1440 JavaThread "Notification Thread" daemon [_thread_blocked, id=18916, stack(0x0000001305e00000,0x0000001305f00000)]
  0x00000173a91fe350 JavaThread "Common-Cleaner" daemon [_thread_blocked, id=1136, stack(0x0000001306000000,0x0000001306100000)]
  0x00000173aa562900 JavaThread "boundedElastic-evictor-1" daemon [_thread_blocked, id=14848, stack(0x0000001306500000,0x0000001306600000)]
  0x00000173a9cdf500 JavaThread "pool-13-thread-1" [_thread_blocked, id=14432, stack(0x0000001306600000,0x0000001306700000)]
  0x00000173a9cdbf30 JavaThread "LanguageServerApp-lifecycle" [_thread_blocked, id=15208, stack(0x0000001306700000,0x0000001306800000)]
  0x000001739a5c4910 JavaThread "DestroyJavaVM" [_thread_blocked, id=5228, stack(0x0000001304f00000,0x0000001305000000)]
  0x00000173a9b52040 JavaThread "pool-14-thread-1" [_thread_in_native, id=4660, stack(0x0000001306800000,0x0000001306900000)]
  0x00000173a99fe820 JavaThread "Simple-Language-Server main thread" daemon [_thread_blocked, id=13600, stack(0x0000001306900000,0x0000001306a00000)]
  0x00000173aa7ca570 JavaThread "pool-8-thread-1" [_thread_blocked, id=10352, stack(0x0000001306d00000,0x0000001306e00000)]
  0x00000173aa7caf90 JavaThread "parallel-1" daemon [_thread_blocked, id=1528, stack(0x0000001306e00000,0x0000001306f00000)]
  0x00000173aa7caa80 JavaThread "parallel-2" daemon [_thread_blocked, id=6708, stack(0x0000001306f00000,0x0000001307000000)]
  0x00000173aa7cb4a0 JavaThread "pool-6-thread-1" [_thread_blocked, id=3480, stack(0x0000001307000000,0x0000001307100000)]
  0x00000173aa7cd300 JavaThread "parallel-3" daemon [_thread_blocked, id=23428, stack(0x0000001307100000,0x0000001307200000)]
  0x00000173aa7ccdf0 JavaThread "parallel-4" daemon [_thread_blocked, id=13412, stack(0x0000001307200000,0x0000001307300000)]
  0x00000173aa7cb9b0 JavaThread "Reconciler-1" daemon [_thread_blocked, id=19836, stack(0x0000001307300000,0x0000001307400000)]
  0x00000173aa809920 JavaThread "CompletableFutureDelayScheduler" daemon [_thread_blocked, id=22276, stack(0x0000001307400000,0x0000001307500000)]

Other Threads:
=>0x00000173a4b1fb40 VMThread "VM Thread" [stack: 0x0000001305500000,0x0000001305600000] [id=14788]
  0x00000173a91f1920 WatcherThread [stack: 0x0000001305f00000,0x0000001306000000] [id=16964]
  0x000001739a6019c0 GCTaskThread "GC Thread#0" [stack: 0x0000001305000000,0x0000001305100000] [id=22856]
  0x00000173a94f95d0 GCTaskThread "GC Thread#1" [stack: 0x0000001306100000,0x0000001306200000] [id=22804]
  0x00000173a94f9890 GCTaskThread "GC Thread#2" [stack: 0x0000001306200000,0x0000001306300000] [id=21456]
  0x00000173a90b2140 GCTaskThread "GC Thread#3" [stack: 0x0000001306400000,0x0000001306500000] [id=12324]
  0x000001739a60a910 ConcurrentGCThread "G1 Main Marker" [stack: 0x0000001305100000,0x0000001305200000] [id=12540]
  0x000001739a60b330 ConcurrentGCThread "G1 Conc#0" [stack: 0x0000001305200000,0x0000001305300000] [id=11188]
  0x000001739a6733f0 ConcurrentGCThread "G1 Refine#0" [stack: 0x0000001305300000,0x0000001305400000] [id=15056]
  0x000001739a673e20 ConcurrentGCThread "G1 Service" [stack: 0x0000001305400000,0x0000001305500000] [id=680]

Threads with active compile tasks:

VM state: at safepoint (normal execution)

VM Mutex/Monitor currently owned by a thread:  ([mutex/lock_event])
[0x00000173984edd30] Threads_lock - owner thread: 0x00000173a4b1fb40
[0x00000173985abcd0] Heap_lock - owner thread: 0x00000173a9cdf500

Heap address: 0x00000000c0000000, size: 1024 MB, Compressed Oops mode: 32-bit

CDS archive(s) not mapped
Compressed class space mapped at: 0x0000000100000000-0x0000000140000000, reserved size: 1073741824
Narrow klass base: 0x0000000000000000, Narrow klass shift: 3, Narrow klass range: 0x140000000

GC Precious Log:
 CPUs: 4 total, 4 available
 Memory: 8006M
 Large Page Support: Disabled
 NUMA Support: Disabled
 Compressed Oops: Enabled (32-bit)
 Heap Region Size: 1M
 Heap Min Capacity: 8M
 Heap Initial Capacity: 126M
 Heap Max Capacity: 1G
 Pre-touch: Disabled
 Parallel Workers: 4
 Concurrent Workers: 1
 Concurrent Refinement Workers: 4
 Periodic GC: Disabled

Heap:
 garbage-first heap   total 91136K, used 35119K [0x00000000c0000000, 0x0000000100000000)
  region size 1024K, 1 young (1024K), 0 survivors (0K)
 Metaspace       used 58848K, committed 59328K, reserved 1114112K
  class space    used 7338K, committed 7552K, reserved 1048576K

Heap Regions: E=young(eden), S=young(survivor), O=old, HS=humongous(starts), HC=humongous(continues), CS=collection set, F=free, OA=open archive, CA=closed archive, TAMS=top-at-mark-start (previous, next)
|   0|0x00000000c0000000, 0x00000000c0100000, 0x00000000c0100000|100%|HS|  |TAMS 0x00000000c0100000, 0x00000000c0000000| Untracked 
|   1|0x00000000c0100000, 0x00000000c0200000, 0x00000000c0200000|100%|HC|  |TAMS 0x00000000c0200000, 0x00000000c0100000| Untracked 
|   2|0x00000000c0200000, 0x00000000c0300000, 0x00000000c0300000|100%|HC|  |TAMS 0x00000000c0300000, 0x00000000c0200000| Untracked 
|   3|0x00000000c0300000, 0x00000000c0400000, 0x00000000c0400000|100%|HC|  |TAMS 0x00000000c0400000, 0x00000000c0300000| Untracked 
|   4|0x00000000c0400000, 0x00000000c0500000, 0x00000000c0500000|100%| O|  |TAMS 0x00000000c0500000, 0x00000000c0400000| Untracked 
|   5|0x00000000c0500000, 0x00000000c0600000, 0x00000000c0600000|100%| O|  |TAMS 0x00000000c0600000, 0x00000000c0500000| Untracked 
|   6|0x00000000c0600000, 0x00000000c0700000, 0x00000000c0700000|100%| O|  |TAMS 0x00000000c0700000, 0x00000000c0600000| Untracked 
|   7|0x00000000c0700000, 0x00000000c07fffb8, 0x00000000c0800000| 99%| O|  |TAMS 0x00000000c07fffb8, 0x00000000c0700000| Untracked 
|   8|0x00000000c0800000, 0x00000000c08fa518, 0x00000000c0900000| 97%| O|  |TAMS 0x00000000c08fa518, 0x00000000c0800000| Untracked 
|   9|0x00000000c0900000, 0x00000000c09fffe0, 0x00000000c0a00000| 99%| O|  |TAMS 0x00000000c09fffe0, 0x00000000c0900000| Untracked 
|  10|0x00000000c0a00000, 0x00000000c0b00000, 0x00000000c0b00000|100%|HS|  |TAMS 0x00000000c0b00000, 0x00000000c0a00000| Untracked 
|  11|0x00000000c0b00000, 0x00000000c0c00000, 0x00000000c0c00000|100%|HC|  |TAMS 0x00000000c0c00000, 0x00000000c0b00000| Untracked 
|  12|0x00000000c0c00000, 0x00000000c0d00000, 0x00000000c0d00000|100%| O|  |TAMS 0x00000000c0d00000, 0x00000000c0c00000| Untracked 
|  13|0x00000000c0d00000, 0x00000000c0dfffe8, 0x00000000c0e00000| 99%| O|  |TAMS 0x00000000c0dfffe8, 0x00000000c0d00000| Untracked 
|  14|0x00000000c0e00000, 0x00000000c0effff8, 0x00000000c0f00000| 99%| O|  |TAMS 0x00000000c0effff8, 0x00000000c0e00000| Untracked 
|  15|0x00000000c0f00000, 0x00000000c0fffff0, 0x00000000c1000000| 99%| O|  |TAMS 0x00000000c0fffff0, 0x00000000c0f00000| Untracked 
|  16|0x00000000c1000000, 0x00000000c10f8700, 0x00000000c1100000| 97%| O|  |TAMS 0x00000000c10f8700, 0x00000000c1000000| Untracked 
|  17|0x00000000c1100000, 0x00000000c11fae78, 0x00000000c1200000| 98%| O|  |TAMS 0x00000000c11fae78, 0x00000000c1100000| Untracked 
|  18|0x00000000c1200000, 0x00000000c1300000, 0x00000000c1300000|100%| O|  |TAMS 0x00000000c1300000, 0x00000000c1200000| Untracked 
|  19|0x00000000c1300000, 0x00000000c13fffd0, 0x00000000c1400000| 99%| O|  |TAMS 0x00000000c13fffd0, 0x00000000c1300000| Untracked 
|  20|0x00000000c1400000, 0x00000000c14fffe8, 0x00000000c1500000| 99%| O|  |TAMS 0x00000000c14fffe8, 0x00000000c1400000| Untracked 
|  21|0x00000000c1500000, 0x00000000c15fffd0, 0x00000000c1600000| 99%| O|  |TAMS 0x00000000c15fffd0, 0x00000000c1500000| Untracked 
|  22|0x00000000c1600000, 0x00000000c16ffff8, 0x00000000c1700000| 99%| O|  |TAMS 0x00000000c16ffff8, 0x00000000c1600000| Untracked 
|  23|0x00000000c1700000, 0x00000000c17ffff8, 0x00000000c1800000| 99%| O|  |TAMS 0x00000000c17ffff8, 0x00000000c1700000| Untracked 
|  24|0x00000000c1800000, 0x00000000c18fffb0, 0x00000000c1900000| 99%| O|  |TAMS 0x00000000c18fffb0, 0x00000000c1800000| Untracked 
|  25|0x00000000c1900000, 0x00000000c19fd190, 0x00000000c1a00000| 98%| O|  |TAMS 0x00000000c19fd190, 0x00000000c1900000| Untracked 
|  26|0x00000000c1a00000, 0x00000000c1affc20, 0x00000000c1b00000| 99%| O|  |TAMS 0x00000000c1affc20, 0x00000000c1a00000| Untracked 
|  27|0x00000000c1b00000, 0x00000000c1bfffe0, 0x00000000c1c00000| 99%| O|  |TAMS 0x00000000c1bfffe0, 0x00000000c1b00000| Untracked 
|  28|0x00000000c1c00000, 0x00000000c1cfffe0, 0x00000000c1d00000| 99%| O|  |TAMS 0x00000000c1cfffe0, 0x00000000c1c00000| Untracked 
|  29|0x00000000c1d00000, 0x00000000c1dfffe8, 0x00000000c1e00000| 99%| O|  |TAMS 0x00000000c1dfffe8, 0x00000000c1d00000| Untracked 
|  30|0x00000000c1e00000, 0x00000000c1e61748, 0x00000000c1f00000| 38%| O|  |TAMS 0x00000000c1e00000, 0x00000000c1e00000| Untracked 
|  31|0x00000000c1f00000, 0x00000000c2000000, 0x00000000c2000000|100%|HS|  |TAMS 0x00000000c2000000, 0x00000000c1f00000| Untracked 
|  32|0x00000000c2000000, 0x00000000c2000068, 0x00000000c2100000|  0%| O|  |TAMS 0x00000000c2000000, 0x00000000c2000000| Untracked 
|  33|0x00000000c2100000, 0x00000000c2100000, 0x00000000c2200000|  0%| F|  |TAMS 0x00000000c2100000, 0x00000000c2100000| Untracked 
|  34|0x00000000c2200000, 0x00000000c2200000, 0x00000000c2300000|  0%| F|  |TAMS 0x00000000c2200000, 0x00000000c2200000| Untracked 
|  35|0x00000000c2300000, 0x00000000c2300000, 0x00000000c2400000|  0%| F|  |TAMS 0x00000000c2300000, 0x00000000c2300000| Untracked 
|  36|0x00000000c2400000, 0x00000000c2400000, 0x00000000c2500000|  0%| F|  |TAMS 0x00000000c2400000, 0x00000000c2400000| Untracked 
|  37|0x00000000c2500000, 0x00000000c2500000, 0x00000000c2600000|  0%| F|  |TAMS 0x00000000c2500000, 0x00000000c2500000| Untracked 
|  38|0x00000000c2600000, 0x00000000c2600000, 0x00000000c2700000|  0%| F|  |TAMS 0x00000000c2600000, 0x00000000c2600000| Untracked 
|  39|0x00000000c2700000, 0x00000000c2700000, 0x00000000c2800000|  0%| F|  |TAMS 0x00000000c2700000, 0x00000000c2700000| Untracked 
|  40|0x00000000c2800000, 0x00000000c2800000, 0x00000000c2900000|  0%| F|  |TAMS 0x00000000c2800000, 0x00000000c2800000| Untracked 
|  41|0x00000000c2900000, 0x00000000c2900000, 0x00000000c2a00000|  0%| F|  |TAMS 0x00000000c2900000, 0x00000000c2900000| Untracked 
|  42|0x00000000c2a00000, 0x00000000c2a00000, 0x00000000c2b00000|  0%| F|  |TAMS 0x00000000c2a00000, 0x00000000c2a00000| Untracked 
|  43|0x00000000c2b00000, 0x00000000c2b00000, 0x00000000c2c00000|  0%| F|  |TAMS 0x00000000c2b00000, 0x00000000c2b00000| Untracked 
|  44|0x00000000c2c00000, 0x00000000c2c00000, 0x00000000c2d00000|  0%| F|  |TAMS 0x00000000c2c00000, 0x00000000c2c00000| Untracked 
|  45|0x00000000c2d00000, 0x00000000c2d00000, 0x00000000c2e00000|  0%| F|  |TAMS 0x00000000c2d00000, 0x00000000c2d00000| Untracked 
|  46|0x00000000c2e00000, 0x00000000c2e00000, 0x00000000c2f00000|  0%| F|  |TAMS 0x00000000c2e00000, 0x00000000c2e00000| Untracked 
|  47|0x00000000c2f00000, 0x00000000c2f00000, 0x00000000c3000000|  0%| F|  |TAMS 0x00000000c2f00000, 0x00000000c2f00000| Untracked 
|  48|0x00000000c3000000, 0x00000000c3000000, 0x00000000c3100000|  0%| F|  |TAMS 0x00000000c3000000, 0x00000000c3000000| Untracked 
|  49|0x00000000c3100000, 0x00000000c3100000, 0x00000000c3200000|  0%| F|  |TAMS 0x00000000c3100000, 0x00000000c3100000| Untracked 
|  50|0x00000000c3200000, 0x00000000c3200000, 0x00000000c3300000|  0%| F|  |TAMS 0x00000000c3200000, 0x00000000c3200000| Untracked 
|  51|0x00000000c3300000, 0x00000000c3300000, 0x00000000c3400000|  0%| F|  |TAMS 0x00000000c3300000, 0x00000000c3300000| Untracked 
|  52|0x00000000c3400000, 0x00000000c3400000, 0x00000000c3500000|  0%| F|  |TAMS 0x00000000c3400000, 0x00000000c3400000| Untracked 
|  53|0x00000000c3500000, 0x00000000c3500000, 0x00000000c3600000|  0%| F|  |TAMS 0x00000000c3500000, 0x00000000c3500000| Untracked 
|  54|0x00000000c3600000, 0x00000000c3600000, 0x00000000c3700000|  0%| F|  |TAMS 0x00000000c3600000, 0x00000000c3600000| Untracked 
|  55|0x00000000c3700000, 0x00000000c3700000, 0x00000000c3800000|  0%| F|  |TAMS 0x00000000c3700000, 0x00000000c3700000| Untracked 
|  56|0x00000000c3800000, 0x00000000c3800000, 0x00000000c3900000|  0%| F|  |TAMS 0x00000000c3800000, 0x00000000c3800000| Untracked 
|  57|0x00000000c3900000, 0x00000000c3900000, 0x00000000c3a00000|  0%| F|  |TAMS 0x00000000c3900000, 0x00000000c3900000| Untracked 
|  58|0x00000000c3a00000, 0x00000000c3a00000, 0x00000000c3b00000|  0%| F|  |TAMS 0x00000000c3a00000, 0x00000000c3a00000| Untracked 
|  59|0x00000000c3b00000, 0x00000000c3b00000, 0x00000000c3c00000|  0%| F|  |TAMS 0x00000000c3b00000, 0x00000000c3b00000| Untracked 
|  60|0x00000000c3c00000, 0x00000000c3c00000, 0x00000000c3d00000|  0%| F|  |TAMS 0x00000000c3c00000, 0x00000000c3c00000| Untracked 
|  61|0x00000000c3d00000, 0x00000000c3d00000, 0x00000000c3e00000|  0%| F|  |TAMS 0x00000000c3d00000, 0x00000000c3d00000| Untracked 
|  62|0x00000000c3e00000, 0x00000000c3e00000, 0x00000000c3f00000|  0%| F|  |TAMS 0x00000000c3e00000, 0x00000000c3e00000| Untracked 
|  63|0x00000000c3f00000, 0x00000000c3f00000, 0x00000000c4000000|  0%| F|  |TAMS 0x00000000c3f00000, 0x00000000c3f00000| Untracked 
|  64|0x00000000c4000000, 0x00000000c4000000, 0x00000000c4100000|  0%| F|  |TAMS 0x00000000c4000000, 0x00000000c4000000| Untracked 
|  65|0x00000000c4100000, 0x00000000c4100000, 0x00000000c4200000|  0%| F|  |TAMS 0x00000000c4100000, 0x00000000c4100000| Untracked 
|  66|0x00000000c4200000, 0x00000000c4200000, 0x00000000c4300000|  0%| F|  |TAMS 0x00000000c4200000, 0x00000000c4200000| Untracked 
|  67|0x00000000c4300000, 0x00000000c4300000, 0x00000000c4400000|  0%| F|  |TAMS 0x00000000c4300000, 0x00000000c4300000| Untracked 
|  68|0x00000000c4400000, 0x00000000c4400000, 0x00000000c4500000|  0%| F|  |TAMS 0x00000000c4400000, 0x00000000c4400000| Untracked 
|  69|0x00000000c4500000, 0x00000000c4500000, 0x00000000c4600000|  0%| F|  |TAMS 0x00000000c4500000, 0x00000000c4500000| Untracked 
|  70|0x00000000c4600000, 0x00000000c4600000, 0x00000000c4700000|  0%| F|  |TAMS 0x00000000c4600000, 0x00000000c4600000| Untracked 
|  71|0x00000000c4700000, 0x00000000c4700000, 0x00000000c4800000|  0%| F|  |TAMS 0x00000000c4700000, 0x00000000c4700000| Untracked 
|  72|0x00000000c4800000, 0x00000000c4800000, 0x00000000c4900000|  0%| F|  |TAMS 0x00000000c4800000, 0x00000000c4800000| Untracked 
|  73|0x00000000c4900000, 0x00000000c4900000, 0x00000000c4a00000|  0%| F|  |TAMS 0x00000000c4900000, 0x00000000c4900000| Untracked 
|  74|0x00000000c4a00000, 0x00000000c4a00000, 0x00000000c4b00000|  0%| F|  |TAMS 0x00000000c4a00000, 0x00000000c4a00000| Untracked 
|  75|0x00000000c4b00000, 0x00000000c4b00000, 0x00000000c4c00000|  0%| F|  |TAMS 0x00000000c4b00000, 0x00000000c4b00000| Untracked 
|  76|0x00000000c4c00000, 0x00000000c4c00000, 0x00000000c4d00000|  0%| F|  |TAMS 0x00000000c4c00000, 0x00000000c4c00000| Untracked 
|  77|0x00000000c4d00000, 0x00000000c4d00000, 0x00000000c4e00000|  0%| F|  |TAMS 0x00000000c4d00000, 0x00000000c4d00000| Untracked 
|  78|0x00000000c4e00000, 0x00000000c4e00000, 0x00000000c4f00000|  0%| F|  |TAMS 0x00000000c4e00000, 0x00000000c4e00000| Untracked 
|  79|0x00000000c4f00000, 0x00000000c4f00000, 0x00000000c5000000|  0%| F|  |TAMS 0x00000000c4f00000, 0x00000000c4f00000| Untracked 
|  80|0x00000000c5000000, 0x00000000c5000000, 0x00000000c5100000|  0%| F|  |TAMS 0x00000000c5000000, 0x00000000c5000000| Untracked 
|  81|0x00000000c5100000, 0x00000000c5100000, 0x00000000c5200000|  0%| F|  |TAMS 0x00000000c5100000, 0x00000000c5100000| Untracked 
|  82|0x00000000c5200000, 0x00000000c5200000, 0x00000000c5300000|  0%| F|  |TAMS 0x00000000c5200000, 0x00000000c5200000| Untracked 
|  83|0x00000000c5300000, 0x00000000c5300000, 0x00000000c5400000|  0%| F|  |TAMS 0x00000000c5300000, 0x00000000c5300000| Untracked 
|  84|0x00000000c5400000, 0x00000000c5400000, 0x00000000c5500000|  0%| F|  |TAMS 0x00000000c5400000, 0x00000000c5400000| Untracked 
|  85|0x00000000c5500000, 0x00000000c5600000, 0x00000000c5600000|100%| O|  |TAMS 0x00000000c5600000, 0x00000000c5500000| Untracked 
|  86|0x00000000c5600000, 0x00000000c5700000, 0x00000000c5700000|100%| O|  |TAMS 0x00000000c5700000, 0x00000000c5600000| Untracked 
| 124|0x00000000c7c00000, 0x00000000c7d00000, 0x00000000c7d00000|100%| O|  |TAMS 0x00000000c7d00000, 0x00000000c7c00000| Untracked 
| 125|0x00000000c7d00000, 0x00000000c7d0a530, 0x00000000c7e00000|  4%| E|  |TAMS 0x00000000c7d00000, 0x00000000c7d00000| Complete 

Card table byte_map: [0x00000173a0260000,0x00000173a0460000] _byte_map_base: 0x000001739fc60000

Marking Bits (Prev, Next): (CMBitMap*) 0x000001739a602020, (CMBitMap*) 0x000001739a601fe0
 Prev Bits: [0x00000173a1660000, 0x00000173a2660000)
 Next Bits: [0x00000173a0660000, 0x00000173a1660000)

Polling page: 0x0000017398480000

Metaspace:

Usage:
  Non-class:     50.30 MB used.
      Class:      7.17 MB used.
       Both:     57.47 MB used.

Virtual space:
  Non-class space:       64.00 MB reserved,      50.56 MB ( 79%) committed,  1 nodes.
      Class space:        1.00 GB reserved,       7.38 MB ( <1%) committed,  1 nodes.
             Both:        1.06 GB reserved,      57.94 MB (  5%) committed. 

Chunk freelists:
   Non-Class:  13.34 MB
       Class:  8.62 MB
        Both:  21.96 MB

MaxMetaspaceSize: unlimited
CompressedClassSpaceSize: 1.00 GB
Initial GC threshold: 21.00 MB
Current GC threshold: 96.56 MB
CDS: off
MetaspaceReclaimPolicy: balanced
 - commit_granule_bytes: 65536.
 - commit_granule_words: 8192.
 - virtual_space_node_default_size: 8388608.
 - enlarge_chunks_in_place: 1.
 - new_chunks_are_fully_committed: 0.
 - uncommit_free_chunks: 1.
 - use_allocation_guard: 0.
 - handle_deallocations: 1.


Internal statistics:

num_allocs_failed_limit: 8.
num_arena_births: 720.
num_arena_deaths: 254.
num_vsnodes_births: 2.
num_vsnodes_deaths: 0.
num_space_committed: 927.
num_space_uncommitted: 0.
num_chunks_returned_to_freelist: 309.
num_chunks_taken_from_freelist: 2622.
num_chunk_merges: 91.
num_chunk_splits: 1775.
num_chunks_enlarged: 1351.
num_inconsistent_stats: 0.

CodeCache: size=49152Kb used=13419Kb max_used=14534Kb free=35732Kb
 bounds [0x000001739d260000, 0x000001739e0e0000, 0x00000173a0260000]
 total_blobs=7858 nmethods=7185 adapters=600
 compilation: enabled
              stopped_count=0, restarted_count=0
 full_count=0

Compilation events (20 events):
Event: 8970.518 Thread 0x00000173a4b7eae0 7221       1       org.eclipse.jdt.core.dom.FieldAccess::<init> (16 bytes)
Event: 8970.519 Thread 0x00000173a4b7eae0 nmethod 7221 0x000001739df76590 code [0x000001739df76720, 0x000001739df76868]
Event: 8970.519 Thread 0x00000173a4b7eae0 7222       1       org.eclipse.jdt.core.dom.ASTConverter::convert (92 bytes)
Event: 8970.523 Thread 0x00000173aa801a00 7223       1       org.eclipse.jdt.core.dom.ThisExpression::<init> (11 bytes)
Event: 8970.523 Thread 0x00000173aa801a00 nmethod 7223 0x000001739df76210 code [0x000001739df763a0, 0x000001739df764a8]
Event: 8970.543 Thread 0x00000173a4b7eae0 nmethod 7222 0x000001739df75790 code [0x000001739df759c0, 0x000001739df75fa8]
Event: 9309.251 Thread 0x00000173a4b7eae0 7231       1       org.eclipse.jdt.internal.compiler.lookup.ReferenceBinding::isNestmateOf (26 bytes)
Event: 9309.252 Thread 0x00000173a4b7eae0 nmethod 7231 0x000001739df75390 code [0x000001739df75540, 0x000001739df756a8]
Event: 9309.252 Thread 0x00000173a4b7eae0 7232       1       org.eclipse.jdt.internal.compiler.lookup.LocalVariableBinding::recordInitializationStartPC (125 bytes)
Event: 9309.256 Thread 0x00000173a4b7eae0 nmethod 7232 0x000001739df74c90 code [0x000001739df74e60, 0x000001739df75228]
Event: 9309.256 Thread 0x00000173a4b7eae0 7236       1       org.eclipse.jdt.internal.compiler.lookup.LocalVariableBinding::recordInitializationEndPC (36 bytes)
Event: 9309.256 Thread 0x00000173a4b7eae0 nmethod 7236 0x000001739df74910 code [0x000001739df74aa0, 0x000001739df74bb8]
Event: 9309.256 Thread 0x00000173a4b7eae0 7233       1       org.eclipse.jdt.internal.compiler.ast.NameReference::checkEffectiveFinality (101 bytes)
Event: 9309.294 Thread 0x00000173a4b7eae0 nmethod 7233 0x000001739df73e90 code [0x000001739df740c0, 0x000001739df74588]
Event: 9309.294 Thread 0x00000173a4b7eae0 7234       1       org.eclipse.jdt.internal.compiler.ast.NameReference$$Lambda$1021/0x000000010071a478::<init> (10 bytes)
Event: 9309.294 Thread 0x00000173a4b7eae0 nmethod 7234 0x000001739df73b90 code [0x000001739df73d20, 0x000001739df73e38]
Event: 9309.294 Thread 0x00000173a4b7eae0 7235       1       org.eclipse.jdt.internal.compiler.codegen.CodeStream::load (398 bytes)
Event: 9309.299 Thread 0x00000173a4b7eae0 nmethod 7235 0x000001739df72c10 code [0x000001739df72f80, 0x000001739df73788]
Event: 9309.299 Thread 0x00000173a4b7eae0 7237       1       org.eclipse.jdt.internal.compiler.codegen.CodeStream::addVisibleLocalVariable (68 bytes)
Event: 9309.301 Thread 0x00000173a4b7eae0 nmethod 7237 0x000001739df72590 code [0x000001739df72740, 0x000001739df72ae8]

GC Heap History (20 events):
Event: 10145.228 GC heap before
{Heap before GC invocations=947 (full 928):
 garbage-first heap   total 91136K, used 35119K [0x00000000c0000000, 0x0000000100000000)
  region size 1024K, 1 young (1024K), 0 survivors (0K)
 Metaspace       used 58848K, committed 59328K, reserved 1114112K
  class space    used 7338K, committed 7552K, reserved 1048576K
}
Event: 10145.269 GC heap after
{Heap after GC invocations=948 (full 929):
 garbage-first heap   total 91136K, used 35119K [0x00000000c0000000, 0x0000000100000000)
  region size 1024K, 0 young (0K), 0 survivors (0K)
 Metaspace       used 58848K, committed 59328K, reserved 1114112K
  class space    used 7338K, committed 7552K, reserved 1048576K
}
Event: 10155.428 GC heap before
{Heap before GC invocations=948 (full 929):
 garbage-first heap   total 91136K, used 35119K [0x00000000c0000000, 0x0000000100000000)
  region size 1024K, 1 young (1024K), 0 survivors (0K)
 Metaspace       used 58848K, committed 59328K, reserved 1114112K
  class space    used 7338K, committed 7552K, reserved 1048576K
}
Event: 10155.464 GC heap after
{Heap after GC invocations=949 (full 930):
 garbage-first heap   total 91136K, used 35119K [0x00000000c0000000, 0x0000000100000000)
  region size 1024K, 0 young (0K), 0 survivors (0K)
 Metaspace       used 58848K, committed 59328K, reserved 1114112K
  class space    used 7338K, committed 7552K, reserved 1048576K
}
Event: 10165.805 GC heap before
{Heap before GC invocations=949 (full 930):
 garbage-first heap   total 91136K, used 35119K [0x00000000c0000000, 0x0000000100000000)
  region size 1024K, 1 young (1024K), 0 survivors (0K)
 Metaspace       used 58848K, committed 59328K, reserved 1114112K
  class space    used 7338K, committed 7552K, reserved 1048576K
}
Event: 10165.834 GC heap after
{Heap after GC invocations=950 (full 931):
 garbage-first heap   total 91136K, used 35119K [0x00000000c0000000, 0x0000000100000000)
  region size 1024K, 0 young (0K), 0 survivors (0K)
 Metaspace       used 58848K, committed 59328K, reserved 1114112K
  class space    used 7338K, committed 7552K, reserved 1048576K
}
Event: 10176.198 GC heap before
{Heap before GC invocations=950 (full 931):
 garbage-first heap   total 91136K, used 35119K [0x00000000c0000000, 0x0000000100000000)
  region size 1024K, 1 young (1024K), 0 survivors (0K)
 Metaspace       used 58848K, committed 59328K, reserved 1114112K
  class space    used 7338K, committed 7552K, reserved 1048576K
}
Event: 10176.248 GC heap after
{Heap after GC invocations=951 (full 932):
 garbage-first heap   total 91136K, used 35119K [0x00000000c0000000, 0x0000000100000000)
  region size 1024K, 0 young (0K), 0 survivors (0K)
 Metaspace       used 58848K, committed 59328K, reserved 1114112K
  class space    used 7338K, committed 7552K, reserved 1048576K
}
Event: 10186.473 GC heap before
{Heap before GC invocations=951 (full 932):
 garbage-first heap   total 91136K, used 35119K [0x00000000c0000000, 0x0000000100000000)
  region size 1024K, 1 young (1024K), 0 survivors (0K)
 Metaspace       used 58848K, committed 59328K, reserved 1114112K
  class space    used 7338K, committed 7552K, reserved 1048576K
}
Event: 10186.506 GC heap after
{Heap after GC invocations=952 (full 933):
 garbage-first heap   total 91136K, used 35119K [0x00000000c0000000, 0x0000000100000000)
  region size 1024K, 0 young (0K), 0 survivors (0K)
 Metaspace       used 58848K, committed 59328K, reserved 1114112K
  class space    used 7338K, committed 7552K, reserved 1048576K
}
Event: 10196.695 GC heap before
{Heap before GC invocations=952 (full 933):
 garbage-first heap   total 91136K, used 35119K [0x00000000c0000000, 0x0000000100000000)
  region size 1024K, 1 young (1024K), 0 survivors (0K)
 Metaspace       used 58848K, committed 59328K, reserved 1114112K
  class space    used 7338K, committed 7552K, reserved 1048576K
}
Event: 10196.724 GC heap after
{Heap after GC invocations=953 (full 934):
 garbage-first heap   total 91136K, used 35119K [0x00000000c0000000, 0x0000000100000000)
  region size 1024K, 0 young (0K), 0 survivors (0K)
 Metaspace       used 58848K, committed 59328K, reserved 1114112K
  class space    used 7338K, committed 7552K, reserved 1048576K
}
Event: 10206.863 GC heap before
{Heap before GC invocations=953 (full 934):
 garbage-first heap   total 91136K, used 35119K [0x00000000c0000000, 0x0000000100000000)
  region size 1024K, 1 young (1024K), 0 survivors (0K)
 Metaspace       used 58848K, committed 59328K, reserved 1114112K
  class space    used 7338K, committed 7552K, reserved 1048576K
}
Event: 10206.898 GC heap after
{Heap after GC invocations=954 (full 935):
 garbage-first heap   total 91136K, used 35119K [0x00000000c0000000, 0x0000000100000000)
  region size 1024K, 0 young (0K), 0 survivors (0K)
 Metaspace       used 58848K, committed 59328K, reserved 1114112K
  class space    used 7338K, committed 7552K, reserved 1048576K
}
Event: 10217.045 GC heap before
{Heap before GC invocations=954 (full 935):
 garbage-first heap   total 91136K, used 35119K [0x00000000c0000000, 0x0000000100000000)
  region size 1024K, 1 young (1024K), 0 survivors (0K)
 Metaspace       used 58848K, committed 59328K, reserved 1114112K
  class space    used 7338K, committed 7552K, reserved 1048576K
}
Event: 10217.089 GC heap after
{Heap after GC invocations=955 (full 936):
 garbage-first heap   total 91136K, used 35119K [0x00000000c0000000, 0x0000000100000000)
  region size 1024K, 0 young (0K), 0 survivors (0K)
 Metaspace       used 58848K, committed 59328K, reserved 1114112K
  class space    used 7338K, committed 7552K, reserved 1048576K
}
Event: 10227.201 GC heap before
{Heap before GC invocations=955 (full 936):
 garbage-first heap   total 91136K, used 35119K [0x00000000c0000000, 0x0000000100000000)
  region size 1024K, 1 young (1024K), 0 survivors (0K)
 Metaspace       used 58848K, committed 59328K, reserved 1114112K
  class space    used 7338K, committed 7552K, reserved 1048576K
}
Event: 10227.242 GC heap after
{Heap after GC invocations=956 (full 937):
 garbage-first heap   total 91136K, used 35119K [0x00000000c0000000, 0x0000000100000000)
  region size 1024K, 0 young (0K), 0 survivors (0K)
 Metaspace       used 58848K, committed 59328K, reserved 1114112K
  class space    used 7338K, committed 7552K, reserved 1048576K
}
Event: 10238.889 GC heap before
{Heap before GC invocations=956 (full 937):
 garbage-first heap   total 91136K, used 35119K [0x00000000c0000000, 0x0000000100000000)
  region size 1024K, 1 young (1024K), 0 survivors (0K)
 Metaspace       used 58848K, committed 59328K, reserved 1114112K
  class space    used 7338K, committed 7552K, reserved 1048576K
}
Event: 10238.941 GC heap after
{Heap after GC invocations=957 (full 938):
 garbage-first heap   total 91136K, used 35119K [0x00000000c0000000, 0x0000000100000000)
  region size 1024K, 0 young (0K), 0 survivors (0K)
 Metaspace       used 58848K, committed 59328K, reserved 1114112K
  class space    used 7338K, committed 7552K, reserved 1048576K
}

Dll operation events (10 events):
Event: 0.080 Loaded shared library c:\Users\Laptop TCC\.vscode\extensions\redhat.java-1.30.0-win32-x64\jre\17.0.10-win32-x86_64\bin\java.dll
Event: 0.867 Loaded shared library C:\Users\Laptop TCC\.vscode\extensions\redhat.java-1.30.0-win32-x64\jre\17.0.10-win32-x86_64\bin\net.dll
Event: 0.869 Loaded shared library C:\Users\Laptop TCC\.vscode\extensions\redhat.java-1.30.0-win32-x64\jre\17.0.10-win32-x86_64\bin\nio.dll
Event: 1.510 Loaded shared library C:\Users\Laptop TCC\.vscode\extensions\redhat.java-1.30.0-win32-x64\jre\17.0.10-win32-x86_64\bin\zip.dll
Event: 16.756 Loaded shared library C:\Users\Laptop TCC\.vscode\extensions\redhat.java-1.30.0-win32-x64\jre\17.0.10-win32-x86_64\bin\jimage.dll
Event: 20.876 Loaded shared library c:\Users\Laptop TCC\.vscode\extensions\redhat.java-1.30.0-win32-x64\jre\17.0.10-win32-x86_64\bin\verify.dll
Event: 35.142 Loaded shared library C:\Users\Laptop TCC\.vscode\extensions\redhat.java-1.30.0-win32-x64\jre\17.0.10-win32-x86_64\bin\management.dll
Event: 35.150 Loaded shared library C:\Users\Laptop TCC\.vscode\extensions\redhat.java-1.30.0-win32-x64\jre\17.0.10-win32-x86_64\bin\management_ext.dll
Event: 39.122 Loaded shared library C:\Users\Laptop TCC\.vscode\extensions\redhat.java-1.30.0-win32-x64\jre\17.0.10-win32-x86_64\bin\sunmscapi.dll
Event: 39.988 Loaded shared library C:\Users\Laptop TCC\.vscode\extensions\redhat.java-1.30.0-win32-x64\jre\17.0.10-win32-x86_64\bin\extnet.dll

Deoptimization events (14 events):
Event: 36.159 Thread 0x00000173a9b52040 DEOPT PACKING pc=0x000001739d470101 sp=0x00000013068fde20
Event: 36.159 Thread 0x00000173a9b52040 DEOPT UNPACKING pc=0x000001739d2b7143 sp=0x00000013068fd2b0 mode 3
Event: 36.160 Thread 0x00000173aa7ca570 DEOPT PACKING pc=0x000001739d490717 sp=0x0000001306dff180
Event: 36.160 Thread 0x00000173aa7ca570 DEOPT UNPACKING pc=0x000001739d2b7143 sp=0x0000001306dfe5d8 mode 3
Event: 39.366 Thread 0x00000173aa80cbc0 DEOPT PACKING pc=0x000001739d3b778c sp=0x0000001307cfadf0
Event: 39.366 Thread 0x00000173aa80cbc0 DEOPT UNPACKING pc=0x000001739d2b7143 sp=0x0000001307cfa2b8 mode 0
Event: 48.270 Thread 0x00000173aa7cb4a0 DEOPT PACKING pc=0x000001739dc5635c sp=0x00000013070fd950
Event: 48.270 Thread 0x00000173aa7cb4a0 DEOPT UNPACKING pc=0x000001739d2b7143 sp=0x00000013070fd048 mode 0
Event: 50.138 Thread 0x00000173aa7cb4a0 DEOPT PACKING pc=0x000001739dd51a0c sp=0x00000013070fe560
Event: 50.139 Thread 0x00000173aa7cb4a0 DEOPT UNPACKING pc=0x000001739d2b7143 sp=0x00000013070fdae0 mode 0
Event: 50.139 Thread 0x00000173aa7cb4a0 DEOPT PACKING pc=0x000001739dd51a0c sp=0x00000013070fe7c0
Event: 50.139 Thread 0x00000173aa7cb4a0 DEOPT UNPACKING pc=0x000001739d2b7143 sp=0x00000013070fdd40 mode 0
Event: 700.784 Thread 0x00000173a9b52040 DEOPT PACKING pc=0x000001739d86ded4 sp=0x00000013068ff000
Event: 700.784 Thread 0x00000173a9b52040 DEOPT UNPACKING pc=0x000001739d2b7143 sp=0x00000013068fe4a8 mode 0

Classes unloaded (20 events):
Event: 118.383 Thread 0x00000173a4b1fb40 Unloading class 0x000000010008c800 'java/lang/invoke/LambdaForm$MH+0x000000010008c800'
Event: 118.383 Thread 0x00000173a4b1fb40 Unloading class 0x000000010008c000 'java/lang/invoke/LambdaForm$MH+0x000000010008c000'
Event: 118.383 Thread 0x00000173a4b1fb40 Unloading class 0x000000010008bc00 'java/lang/invoke/LambdaForm$MH+0x000000010008bc00'
Event: 801.981 Thread 0x00000173a4b1fb40 Unloading class 0x0000000100094400 'java/lang/invoke/LambdaForm$MH+0x0000000100094400'
Event: 801.981 Thread 0x00000173a4b1fb40 Unloading class 0x0000000100096000 'java/lang/invoke/LambdaForm$MH+0x0000000100096000'
Event: 801.981 Thread 0x00000173a4b1fb40 Unloading class 0x00000001003a9c00 'java/lang/invoke/LambdaForm$MH+0x00000001003a9c00'
Event: 5726.532 Thread 0x00000173a4b1fb40 Unloading class 0x0000000100560800 'java/lang/invoke/LambdaForm$MH+0x0000000100560800'
Event: 5726.532 Thread 0x00000173a4b1fb40 Unloading class 0x00000001005bb400 'java/lang/invoke/LambdaForm$MH+0x00000001005bb400'
Event: 5726.532 Thread 0x00000173a4b1fb40 Unloading class 0x00000001005c0c00 'java/lang/invoke/LambdaForm$MH+0x00000001005c0c00'
Event: 5726.532 Thread 0x00000173a4b1fb40 Unloading class 0x0000000100610000 'java/lang/invoke/LambdaForm$MH+0x0000000100610000'
Event: 5726.532 Thread 0x00000173a4b1fb40 Unloading class 0x000000010008bc00 'java/lang/invoke/LambdaForm$MH+0x000000010008bc00'
Event: 5726.533 Thread 0x00000173a4b1fb40 Unloading class 0x000000010008c000 'java/lang/invoke/LambdaForm$MH+0x000000010008c000'
Event: 5726.533 Thread 0x00000173a4b1fb40 Unloading class 0x000000010008d400 'java/lang/invoke/LambdaForm$MH+0x000000010008d400'
Event: 5777.744 Thread 0x00000173a4b1fb40 Unloading class 0x0000000100251000 'jdk/internal/reflect/GeneratedMethodAccessor18'
Event: 5777.744 Thread 0x00000173a4b1fb40 Unloading class 0x0000000100265c00 'jdk/internal/reflect/GeneratedConstructorAccessor45'
Event: 5777.744 Thread 0x00000173a4b1fb40 Unloading class 0x0000000100266800 'jdk/internal/reflect/GeneratedMethodAccessor17'
Event: 5777.744 Thread 0x00000173a4b1fb40 Unloading class 0x0000000100324400 'jdk/internal/reflect/GeneratedConstructorAccessor44'
Event: 5777.744 Thread 0x00000173a4b1fb40 Unloading class 0x00000001003a0000 'jdk/internal/reflect/GeneratedMethodAccessor16'
Event: 5777.744 Thread 0x00000173a4b1fb40 Unloading class 0x00000001003a1400 'jdk/internal/reflect/GeneratedMethodAccessor15'
Event: 5777.744 Thread 0x00000173a4b1fb40 Unloading class 0x00000001003a2000 'jdk/internal/reflect/GeneratedMethodAccessor14'

Classes redefined (0 events):
No events

Internal exceptions (20 events):
Event: 50.164 Thread 0x00000173aa7cb4a0 Exception <a 'sun/nio/fs/WindowsException'{0x00000000c45495e0}> (0x00000000c45495e0) 
thrown [s\src\hotspot\share\prims\jni.cpp, line 516]
Event: 50.164 Thread 0x00000173aa7cb4a0 Exception <a 'sun/nio/fs/WindowsException'{0x00000000c454a088}> (0x00000000c454a088) 
thrown [s\src\hotspot\share\prims\jni.cpp, line 516]
Event: 50.165 Thread 0x00000173aa7cb4a0 Exception <a 'sun/nio/fs/WindowsException'{0x00000000c454abe8}> (0x00000000c454abe8) 
thrown [s\src\hotspot\share\prims\jni.cpp, line 516]
Event: 50.165 Thread 0x00000173aa7cb4a0 Exception <a 'sun/nio/fs/WindowsException'{0x00000000c454b7b0}> (0x00000000c454b7b0) 
thrown [s\src\hotspot\share\prims\jni.cpp, line 516]
Event: 50.166 Thread 0x00000173aa7cb4a0 Exception <a 'sun/nio/fs/WindowsException'{0x00000000c4552968}> (0x00000000c4552968) 
thrown [s\src\hotspot\share\prims\jni.cpp, line 516]
Event: 50.166 Thread 0x00000173aa7cb4a0 Exception <a 'sun/nio/fs/WindowsException'{0x00000000c45533f8}> (0x00000000c45533f8) 
thrown [s\src\hotspot\share\prims\jni.cpp, line 516]
Event: 50.166 Thread 0x00000173aa7cb4a0 Exception <a 'sun/nio/fs/WindowsException'{0x00000000c4553e38}> (0x00000000c4553e38) 
thrown [s\src\hotspot\share\prims\jni.cpp, line 516]
Event: 50.166 Thread 0x00000173aa7cb4a0 Exception <a 'sun/nio/fs/WindowsException'{0x00000000c45548c8}> (0x00000000c45548c8) 
thrown [s\src\hotspot\share\prims\jni.cpp, line 516]
Event: 50.167 Thread 0x00000173aa7cb4a0 Exception <a 'sun/nio/fs/WindowsException'{0x00000000c4555428}> (0x00000000c4555428) 
thrown [s\src\hotspot\share\prims\jni.cpp, line 516]
Event: 50.167 Thread 0x00000173aa7cb4a0 Exception <a 'sun/nio/fs/WindowsException'{0x00000000c4555ff0}> (0x00000000c4555ff0) 
thrown [s\src\hotspot\share\prims\jni.cpp, line 516]
Event: 87.198 Thread 0x00000173a9cdf500 Exception <a 'java/lang/NoSuchMethodError'{0x00000000c45ccda0}: 'void java.lang.invoke.DirectMethodHandle$Holder.invokeStatic(java.lang.Object, long)'> (0x00000000c45ccda0) 
thrown [s\src\hotspot\share\interpreter\linkResolver.cpp, line 759]
Event: 87.198 Thread 0x00000173a9cdf500 Exception <a 'java/lang/NoSuchMethodError'{0x00000000c45d2150}: 'java.lang.Object java.lang.invoke.DirectMethodHandle$Holder.newInvokeSpecial(java.lang.Object, long)'> (0x00000000c45d2150) 
thrown [s\src\hotspot\share\interpreter\linkResolver.cpp, line 759]
Event: 266.770 Thread 0x00000173aa80f440 Exception <a 'sun/net/ConnectionResetException'{0x00000000c7d12080}: Connection reset> (0x00000000c7d12080) 
thrown [s\src\hotspot\share\prims\jni.cpp, line 535]
Event: 266.770 Thread 0x00000173aa80b270 Exception <a 'sun/net/ConnectionResetException'{0x00000000c7d16a78}: Connection reset> (0x00000000c7d16a78) 
thrown [s\src\hotspot\share\prims\jni.cpp, line 535]
Event: 266.770 Thread 0x00000173aa80ef30 Exception <a 'sun/net/ConnectionResetException'{0x00000000c7d1b628}: Connection reset> (0x00000000c7d1b628) 
thrown [s\src\hotspot\share\prims\jni.cpp, line 535]
Event: 266.782 Thread 0x00000173aa80f440 Exception <a 'java/io/IOException'{0x00000000c7d15968}: Connection reset by peer> (0x00000000c7d15968) 
thrown [s\src\hotspot\share\prims\jni.cpp, line 535]
Event: 266.782 Thread 0x00000173aa80b270 Exception <a 'java/io/IOException'{0x00000000c7d18928}: Connection reset by peer> (0x00000000c7d18928) 
thrown [s\src\hotspot\share\prims\jni.cpp, line 535]
Event: 266.782 Thread 0x00000173aa80ef30 Exception <a 'java/io/IOException'{0x00000000c7d1d4d8}: Connection reset by peer> (0x00000000c7d1d4d8) 
thrown [s\src\hotspot\share\prims\jni.cpp, line 535]
Event: 5655.997 Thread 0x00000173aa808f00 Exception <a 'java/lang/NoSuchMethodError'{0x00000000c56a3640}: 'java.lang.Object java.lang.invoke.DirectMethodHandle$Holder.newInvokeSpecial(java.lang.Object, java.lang.Object, int, java.lang.Object)'> (0x00000000c56a3640) 
thrown [s\src\hotspot\share\interpreter\linkResolver.cpp, line 759]
Event: 5656.017 Thread 0x00000173aa808f00 Exception <a 'java/lang/NoSuchMethodError'{0x00000000c56a6f60}: 'java.lang.Object java.lang.invoke.Invokers$Holder.linkToTargetMethod(java.lang.Object, int, java.lang.Object, java.lang.Object)'> (0x00000000c56a6f60) 
thrown [s\src\hotspot\share\interpreter\linkResolver.cpp, line 759]

VM Operations (20 events):
Event: 10145.269 Executing VM operation: G1CollectFull done
Event: 10155.428 Executing VM operation: G1CollectFull
Event: 10155.464 Executing VM operation: G1CollectFull done
Event: 10165.805 Executing VM operation: G1CollectFull
Event: 10165.834 Executing VM operation: G1CollectFull done
Event: 10176.198 Executing VM operation: G1CollectFull
Event: 10176.248 Executing VM operation: G1CollectFull done
Event: 10186.473 Executing VM operation: G1CollectFull
Event: 10186.506 Executing VM operation: G1CollectFull done
Event: 10196.695 Executing VM operation: G1CollectFull
Event: 10196.724 Executing VM operation: G1CollectFull done
Event: 10206.863 Executing VM operation: G1CollectFull
Event: 10206.898 Executing VM operation: G1CollectFull done
Event: 10217.045 Executing VM operation: G1CollectFull
Event: 10217.090 Executing VM operation: G1CollectFull done
Event: 10227.201 Executing VM operation: G1CollectFull
Event: 10227.242 Executing VM operation: G1CollectFull done
Event: 10238.889 Executing VM operation: G1CollectFull
Event: 10238.942 Executing VM operation: G1CollectFull done
Event: 10249.738 Executing VM operation: G1CollectFull

Events (20 events):
Event: 8471.368 Thread 0x00000173aa80d0d0 Thread exited: 0x00000173aa80d0d0
Event: 8471.368 Thread 0x00000173aa80c6b0 Thread exited: 0x00000173aa80c6b0
Event: 8491.493 Thread 0x00000173aa80f440 Thread added: 0x00000173aa80f440
Event: 8491.499 Thread 0x00000173aa809e30 Thread added: 0x00000173aa809e30
Event: 8491.534 Thread 0x00000173aa801a00 Thread added: 0x00000173aa801a00
Event: 8496.689 Thread 0x00000173aa801a00 Thread exited: 0x00000173aa801a00
Event: 8551.526 Thread 0x00000173aa80f440 Thread exited: 0x00000173aa80f440
Event: 8551.526 Thread 0x00000173aa809e30 Thread exited: 0x00000173aa809e30
Event: 8970.183 Thread 0x00000173aa808f00 Thread added: 0x00000173aa808f00
Event: 8970.199 Thread 0x00000173aa8089f0 Thread added: 0x00000173aa8089f0
Event: 8970.472 Thread 0x00000173aa8029f0 Thread added: 0x00000173aa8029f0
Event: 8970.472 Thread 0x00000173aa801a00 Thread added: 0x00000173aa801a00
Event: 8975.526 Thread 0x00000173aa801a00 Thread exited: 0x00000173aa801a00
Event: 8980.541 Thread 0x00000173aa8029f0 Thread exited: 0x00000173aa8029f0
Event: 9030.421 Thread 0x00000173aa808f00 Thread exited: 0x00000173aa808f00
Event: 9030.457 Thread 0x00000173aa8089f0 Thread exited: 0x00000173aa8089f0
Event: 9309.228 Thread 0x00000173aa80b270 Thread added: 0x00000173aa80b270
Event: 9309.237 Thread 0x00000173aa80f950 Thread added: 0x00000173aa80f950
Event: 9369.262 Thread 0x00000173aa80f950 Thread exited: 0x00000173aa80f950
Event: 9369.262 Thread 0x00000173aa80b270 Thread exited: 0x00000173aa80b270


Dynamic libraries:
0x00007ff73ec60000 - 0x00007ff73ec6e000 	c:\Users\Laptop TCC\.vscode\extensions\redhat.java-1.30.0-win32-x64\jre\17.0.10-win32-x86_64\bin\java.exe
0x00007ff9bf530000 - 0x00007ff9bf728000 	C:\Windows\SYSTEM32\ntdll.dll
0x00007ff9bd7d0000 - 0x00007ff9bd88d000 	C:\Windows\System32\KERNEL32.DLL
0x00007ff9bcc40000 - 0x00007ff9bcf36000 	C:\Windows\System32\KERNELBASE.dll
0x00007ff9bd000000 - 0x00007ff9bd100000 	C:\Windows\System32\ucrtbase.dll
0x00007ff9b0860000 - 0x00007ff9b087b000 	c:\Users\Laptop TCC\.vscode\extensions\redhat.java-1.30.0-win32-x64\jre\17.0.10-win32-x86_64\bin\VCRUNTIME140.dll
0x00007ff9a1ff0000 - 0x00007ff9a2007000 	c:\Users\Laptop TCC\.vscode\extensions\redhat.java-1.30.0-win32-x64\jre\17.0.10-win32-x86_64\bin\jli.dll
0x00007ff9bd630000 - 0x00007ff9bd7ce000 	C:\Windows\System32\USER32.dll
0x00007ff9bcc10000 - 0x00007ff9bcc32000 	C:\Windows\System32\win32u.dll
0x00007ff9a2da0000 - 0x00007ff9a303a000 	C:\Windows\WinSxS\amd64_microsoft.windows.common-controls_6595b64144ccf1df_6.0.19041.3636_none_60b6a03d71f818d5\COMCTL32.dll
0x00007ff9bdb10000 - 0x00007ff9bdb3c000 	C:\Windows\System32\GDI32.dll
0x00007ff9bd590000 - 0x00007ff9bd62e000 	C:\Windows\System32\msvcrt.dll
0x00007ff9bd470000 - 0x00007ff9bd58a000 	C:\Windows\System32\gdi32full.dll
0x00007ff9bd100000 - 0x00007ff9bd19d000 	C:\Windows\System32\msvcp_win.dll
0x00007ff9be290000 - 0x00007ff9be2c0000 	C:\Windows\System32\IMM32.DLL
0x00007ff9b4990000 - 0x00007ff9b499c000 	c:\Users\Laptop TCC\.vscode\extensions\redhat.java-1.30.0-win32-x64\jre\17.0.10-win32-x86_64\bin\vcruntime140_1.dll
0x00007ff98c340000 - 0x00007ff98c3cd000 	c:\Users\Laptop TCC\.vscode\extensions\redhat.java-1.30.0-win32-x64\jre\17.0.10-win32-x86_64\bin\msvcp140.dll
0x00007ff9648f0000 - 0x00007ff965552000 	c:\Users\Laptop TCC\.vscode\extensions\redhat.java-1.30.0-win32-x64\jre\17.0.10-win32-x86_64\bin\server\jvm.dll
0x00007ff9bd960000 - 0x00007ff9bda0f000 	C:\Windows\System32\ADVAPI32.dll
0x00007ff9bed00000 - 0x00007ff9bed9c000 	C:\Windows\System32\sechost.dll
0x00007ff9beb20000 - 0x00007ff9bec46000 	C:\Windows\System32\RPCRT4.dll
0x00007ff9bc120000 - 0x00007ff9bc16b000 	C:\Windows\SYSTEM32\POWRPROF.dll
0x00007ff9ab990000 - 0x00007ff9ab999000 	C:\Windows\SYSTEM32\WSOCK32.dll
0x00007ff9a2800000 - 0x00007ff9a2827000 	C:\Windows\SYSTEM32\WINMM.dll
0x00007ff9be8a0000 - 0x00007ff9be90b000 	C:\Windows\System32\WS2_32.dll
0x00007ff9b20a0000 - 0x00007ff9b20aa000 	C:\Windows\SYSTEM32\VERSION.dll
0x00007ff9bbff0000 - 0x00007ff9bc002000 	C:\Windows\SYSTEM32\UMPDC.dll
0x00007ff9bb470000 - 0x00007ff9bb482000 	C:\Windows\SYSTEM32\kernel.appcore.dll
0x00007ff9b2dc0000 - 0x00007ff9b2dca000 	c:\Users\Laptop TCC\.vscode\extensions\redhat.java-1.30.0-win32-x64\jre\17.0.10-win32-x86_64\bin\jimage.dll
0x00007ff9b77f0000 - 0x00007ff9b79d4000 	C:\Windows\SYSTEM32\DBGHELP.DLL
0x00007ff9a4f20000 - 0x00007ff9a4f54000 	C:\Windows\SYSTEM32\dbgcore.DLL
0x00007ff9bd1a0000 - 0x00007ff9bd222000 	C:\Windows\System32\bcryptPrimitives.dll
0x00007ff9a1fc0000 - 0x00007ff9a1fe5000 	c:\Users\Laptop TCC\.vscode\extensions\redhat.java-1.30.0-win32-x64\jre\17.0.10-win32-x86_64\bin\java.dll
0x00007ff99aa50000 - 0x00007ff99aa68000 	c:\Users\Laptop TCC\.vscode\extensions\redhat.java-1.30.0-win32-x64\jre\17.0.10-win32-x86_64\bin\zip.dll
0x00007ff9beda0000 - 0x00007ff9bf4e5000 	C:\Windows\System32\SHELL32.dll
0x00007ff9b7b30000 - 0x00007ff9b82cb000 	C:\Windows\SYSTEM32\windows.storage.dll
0x00007ff9be2c0000 - 0x00007ff9be614000 	C:\Windows\System32\combase.dll
0x00007ff9bc650000 - 0x00007ff9bc67d000 	C:\Windows\SYSTEM32\Wldp.dll
0x00007ff9bec50000 - 0x00007ff9becfd000 	C:\Windows\System32\SHCORE.dll
0x00007ff9bda30000 - 0x00007ff9bda85000 	C:\Windows\System32\shlwapi.dll
0x00007ff9bcb40000 - 0x00007ff9bcb65000 	C:\Windows\SYSTEM32\profapi.dll
0x00007ff999fc0000 - 0x00007ff999fd9000 	C:\Users\Laptop TCC\.vscode\extensions\redhat.java-1.30.0-win32-x64\jre\17.0.10-win32-x86_64\bin\net.dll
0x00007ff9b36f0000 - 0x00007ff9b37fa000 	C:\Windows\SYSTEM32\WINHTTP.dll
0x00007ff9bc360000 - 0x00007ff9bc3ca000 	C:\Windows\system32\mswsock.dll
0x00007ff999150000 - 0x00007ff999166000 	C:\Users\Laptop TCC\.vscode\extensions\redhat.java-1.30.0-win32-x64\jre\17.0.10-win32-x86_64\bin\nio.dll
0x00007ff9a1a00000 - 0x00007ff9a1a10000 	c:\Users\Laptop TCC\.vscode\extensions\redhat.java-1.30.0-win32-x64\jre\17.0.10-win32-x86_64\bin\verify.dll
0x00007ff9bc520000 - 0x00007ff9bc538000 	C:\Windows\SYSTEM32\CRYPTSP.dll
0x00007ff9bbc30000 - 0x00007ff9bbc64000 	C:\Windows\system32\rsaenh.dll
0x00007ff9bd390000 - 0x00007ff9bd3b7000 	C:\Windows\System32\bcrypt.dll
0x00007ff9bcb00000 - 0x00007ff9bcb2e000 	C:\Windows\SYSTEM32\USERENV.dll
0x00007ff9bc510000 - 0x00007ff9bc51c000 	C:\Windows\SYSTEM32\CRYPTBASE.dll
0x00007ff9bc010000 - 0x00007ff9bc04b000 	C:\Windows\SYSTEM32\IPHLPAPI.DLL
0x00007ff9be620000 - 0x00007ff9be628000 	C:\Windows\System32\NSI.dll
0x00007ff9b40e0000 - 0x00007ff9b40f7000 	C:\Windows\SYSTEM32\dhcpcsvc6.DLL
0x00007ff9b3e20000 - 0x00007ff9b3e3d000 	C:\Windows\SYSTEM32\dhcpcsvc.DLL
0x00007ff9bc050000 - 0x00007ff9bc11a000 	C:\Windows\SYSTEM32\DNSAPI.dll
0x00007ff9a1360000 - 0x00007ff9a1369000 	C:\Users\Laptop TCC\.vscode\extensions\redhat.java-1.30.0-win32-x64\jre\17.0.10-win32-x86_64\bin\management.dll
0x00007ff9a0090000 - 0x00007ff9a009b000 	C:\Users\Laptop TCC\.vscode\extensions\redhat.java-1.30.0-win32-x64\jre\17.0.10-win32-x86_64\bin\management_ext.dll
0x00007ff9be890000 - 0x00007ff9be898000 	C:\Windows\System32\PSAPI.DLL
0x00007ff99ffd0000 - 0x00007ff99ffde000 	C:\Users\Laptop TCC\.vscode\extensions\redhat.java-1.30.0-win32-x64\jre\17.0.10-win32-x86_64\bin\sunmscapi.dll
0x00007ff9bd230000 - 0x00007ff9bd38d000 	C:\Windows\System32\CRYPT32.dll
0x00007ff9bc6c0000 - 0x00007ff9bc6e7000 	C:\Windows\SYSTEM32\ncrypt.dll
0x00007ff9bc680000 - 0x00007ff9bc6bb000 	C:\Windows\SYSTEM32\NTASN1.dll
0x00007ff9b28d0000 - 0x00007ff9b28da000 	C:\Windows\System32\rasadhlp.dll
0x00007ff9b3090000 - 0x00007ff9b3110000 	C:\Windows\System32\fwpuclnt.dll
0x00007ff99fe70000 - 0x00007ff99fe79000 	C:\Users\Laptop TCC\.vscode\extensions\redhat.java-1.30.0-win32-x64\jre\17.0.10-win32-x86_64\bin\extnet.dll

dbghelp: loaded successfully - version: 4.0.5 - missing functions: none
symbol engine: initialized successfully - sym options: 0x614 - pdb path: .;c:\Users\Laptop TCC\.vscode\extensions\redhat.java-1.30.0-win32-x64\jre\17.0.10-win32-x86_64\bin;C:\Windows\SYSTEM32;C:\Windows\WinSxS\amd64_microsoft.windows.common-controls_6595b64144ccf1df_6.0.19041.3636_none_60b6a03d71f818d5;c:\Users\Laptop TCC\.vscode\extensions\redhat.java-1.30.0-win32-x64\jre\17.0.10-win32-x86_64\bin\server

VM Arguments:
jvm_args: -Xmx1024m -Dsts.lsp.client=vscode -Dsts.log.file=/dev/null -XX:TieredStopAtLevel=1 -Xlog:jni+resolve=off -Dspring.config.location=file:c:\Users\Laptop TCC\.vscode\extensions\vmware.vscode-spring-boot-1.54.0\language-server\BOOT-INF\classes\application.properties 
java_command: org.springframework.ide.vscode.boot.app.BootLanguageServerBootApp
java_class_path (initial): c:\Users\Laptop TCC\.vscode\extensions\vmware.vscode-spring-boot-1.54.0\language-server\BOOT-INF\classes;c:\Users\Laptop TCC\.vscode\extensions\vmware.vscode-spring-boot-1.54.0\language-server\BOOT-INF\lib\annotations-24.1.0.jar;c:\Users\Laptop TCC\.vscode\extensions\vmware.vscode-spring-boot-1.54.0\language-server\BOOT-INF\lib\antlr4-runtime-4.13.1.jar;c:\Users\Laptop TCC\.vscode\extensions\vmware.vscode-spring-boot-1.54.0\language-server\BOOT-INF\lib\asm-9.7.jar;c:\Users\Laptop TCC\.vscode\extensions\vmware.vscode-spring-boot-1.54.0\language-server\BOOT-INF\lib\asm-analysis-9.7.jar;c:\Users\Laptop TCC\.vscode\extensions\vmware.vscode-spring-boot-1.54.0\language-server\BOOT-INF\lib\asm-tree-9.7.jar;c:\Users\Laptop TCC\.vscode\extensions\vmware.vscode-spring-boot-1.54.0\language-server\BOOT-INF\lib\asm-util-9.7.jar;c:\Users\Laptop TCC\.vscode\extensions\vmware.vscode-spring-boot-1.54.0\language-server\BOOT-INF\lib\caffeine-3.1.8.jar;c:\Users\Laptop TCC\.vscode\extensions\vmware.vscode-spring-boot-1.54.0\language-server\BOOT-INF\lib\checker-qual-3.12.0.jar;c:\Users\Laptop TCC\.vscode\extensions\vmware.vscode-spring-boot-1.54.0\language-server\BOOT-INF\lib\classgraph-4.8.149.jar;c:\Users\Laptop TCC\.vscode\extensions\vmware.vscode-spring-boot-1.54.0\language-server\BOOT-INF\lib\commons-codec-1.16.1.jar;c:\Users\Laptop TCC\.vscode\extensions\vmware.vscode-spring-boot-1.54.0\language-server\BOOT-INF\lib\commons-compress-1.26.1.jar;c:\Users\Laptop TCC\.vscode\extensions\vmware.vscode-spring-boot-1.54.0\language-server\BOOT-INF\lib\commons-io-2.4.jar;c:\Users\Laptop TCC\.vscode\extensions\vmware.vscode-spring-boot-1.54.0\language-server\BOOT-INF\lib\commons-java-1.54.0-SNAPSHOT.jar;c:\Users\Laptop TCC\.vscode\extensions\vmware.vscode-spring-boot-1.54.0\language-server\BOOT-INF\lib\commons-lang3-3.13.0.jar;c:\Users\Laptop TCC\.vscode\extensions\vmware.vscode-spring-boot-1.54.0\language-server\BOOT-INF\lib\commons-language-server-1.54.0-SNAPSHOT
Launcher Type: SUN_STANDARD

[Global flags]
     intx CICompilerCount                          = 3                                         {product} {ergonomic}
     uint ConcGCThreads                            = 1                                         {product} {ergonomic}
     uint G1ConcRefinementThreads                  = 4                                         {product} {ergonomic}
   size_t G1HeapRegionSize                         = 1048576                                   {product} {ergonomic}
    uintx GCDrainStackTargetSize                   = 64                                        {product} {ergonomic}
   size_t InitialHeapSize                          = 132120576                                 {product} {ergonomic}
   size_t MarkStackSize                            = 4194304                                   {product} {ergonomic}
   size_t MaxHeapSize                              = 1073741824                                {product} {command line}
   size_t MaxNewSize                               = 643825664                                 {product} {ergonomic}
   size_t MinHeapDeltaBytes                        = 1048576                                   {product} {ergonomic}
   size_t MinHeapSize                              = 8388608                                   {product} {ergonomic}
    uintx NonProfiledCodeHeapSize                  = 0                                      {pd product} {ergonomic}
     bool ProfileInterpreter                       = false                                  {pd product} {command line}
    uintx ProfiledCodeHeapSize                     = 0                                      {pd product} {ergonomic}
   size_t SoftMaxHeapSize                          = 1073741824                             {manageable} {ergonomic}
     intx TieredStopAtLevel                        = 1                                         {product} {command line}
     bool UseCompressedClassPointers               = true                           {product lp64_product} {ergonomic}
     bool UseCompressedOops                        = true                           {product lp64_product} {ergonomic}
     bool UseG1GC                                  = true                                      {product} {ergonomic}
     bool UseLargePagesIndividualAllocation        = false                                  {pd product} {ergonomic}

Logging:
Log output configuration:
 #0: stdout all=warning,jni+resolve=off uptime,level,tags
 #1: stderr all=off uptime,level,tags

Environment Variables:
PATH=C:\Program Files\Eclipse Adoptium\jdk-17.0.11.9-hotspot\bin;C:\Program Files (x86)\Common Files\Oracle\Java\javapath;C:\Windows\system32;C:\Windows;C:\Windows\System32\Wbem;C:\Windows\System32\WindowsPowerShell\v1.0\;C:\Windows\System32\OpenSSH\;C:\Program Files\Microsoft SQL Server\150\Tools\Binn\;C:\Program Files\Microsoft SQL Server\Client SDK\ODBC\170\Tools\Binn\;C:\Program Files (x86)\Microsoft SQL Server\160\Tools\Binn\;C:\Program Files\Microsoft SQL Server\160\Tools\Binn\;C:\Program Files\Microsoft SQL Server\160\DTS\Binn\;C:\ProgramData\chocolatey\bin;C:\Program Files (x86)\Microsoft SQL Server\160\DTS\Binn\;D:\Anaconda\Scripts;D:\Git\cmd;D:\Nodejs\;C:\Program Files\Java\jre1.8.0_321;C:\Users\Laptop TCC\AppData\Local\Programs\Python\Python310\Scripts\;C:\Users\Laptop TCC\AppData\Local\Programs\Python\Python310\;C:\Program Files\MySQL\MySQL Shell 8.0\bin\;C:\Users\Laptop TCC\AppData\Local\Microsoft\WindowsApps;C:\Program Files\Azure Data Studio\bin;D:\Microsoft VS Code\bin;D:\Nodejs\node_modules\npm;D:\platform-tools;
USERNAME=Laptop TCC
OS=Windows_NT
PROCESSOR_IDENTIFIER=Intel64 Family 6 Model 142 Stepping 11, GenuineIntel
TMP=C:\Users\LAPTOP~1\AppData\Local\Temp
TEMP=C:\Users\LAPTOP~1\AppData\Local\Temp



Periodic native trim disabled


---------------  S Y S T E M  ---------------

OS:
 Windows 10 , 64 bit Build 19041 (10.0.19041.3636)
OS uptime: 3 days 18:57 hours
Hyper-V role detected

CPU: total 4 (initial active 4) (2 cores per cpu, 2 threads per core) family 6 model 142 stepping 11 microcode 0xea, cx8, cmov, fxsr, ht, mmx, 3dnowpref, sse, sse2, sse3, ssse3, sse4.1, sse4.2, popcnt, lzcnt, tsc, tscinvbit, avx, avx2, aes, erms, clmul, bmi1, bmi2, adx, fma, vzeroupper, clflush, clflushopt, hv
Processor Information for all 4 processors :
  Max Mhz: 2304, Current Mhz: 2103, Mhz Limit: 2096

Memory: 4k page, system-wide physical 8006M (480M free)
TotalPageFile size 16126M (AvailPageFile size 3M)
current process WorkingSet (physical memory assigned to process): 66M, peak: 219M
current process commit charge ("private bytes"): 250M, peak: 258M

vm_info: OpenJDK 64-Bit Server VM (17.0.10+7) for windows-amd64 JRE (17.0.10+7), built on Jan 16 2024 23:25:11 by "admin" with MS VC++ 16.10 / 16.11 (VS2019)

END.
